<?xml version="1.0" encoding="UTF-8"?>
<!-- Generated by org.testng.reporters.JUnitXMLReporter -->
<testsuite ignored="6" hostname="LAPTOP-EMDLV1KE" failures="0" tests="1" name="Default test" time="0.153" errors="0" timestamp="2022-02-09T14:09:52 EST">
  <testcase classname="test.LoginValidation" name="validateURL" time="0.099"/>
  <testcase classname="test.LoginValidation" name="validateCreateaWishList" time="0.0">
    <ignored/>
  </testcase> <!-- validateCreateaWishList -->
  <testcase classname="test.LoginValidation" name="validEmailValidPassword" time="0.0">
    <ignored/>
  </testcase> <!-- validEmailValidPassword -->
  <testcase classname="test.LoginValidation" name="invalidEmailInvalidPassword" time="0.0">
    <ignored/>
  </testcase> <!-- invalidEmailInvalidPassword -->
  <testcase classname="test.LoginValidation" name="validateTitle" time="0.0">
    <ignored/>
  </testcase> <!-- validateTitle -->
  <testcase classname="test.LoginValidation" name="validateNewReleases" time="0.0">
    <ignored/>
  </testcase> <!-- validateNewReleases -->
  <testcase classname="test.LoginValidation" name="validateAmazonCash" time="0.0">
    <ignored/>
  </testcase> <!-- validateAmazonCash -->
</testsuite> <!-- Default test -->
