<?xml version="1.0" encoding="UTF-8"?>
<!-- Generated by org.testng.reporters.JUnitXMLReporter -->
<testsuite ignored="2" hostname="LAPTOP-EMDLV1KE" failures="1" tests="9" name="Test" time="23.055" errors="0" timestamp="2022-02-10T18:03:32 EST">
  <testcase classname="test.LoginValidation" name="validateURL" time="0.114"/>
  <testcase classname="test.LoginValidation" name="validateTitle" time="0.018"/>
  <testcase classname="test.LoginValidation" name="validateCreateaWishList" time="1.768"/>
  <testcase classname="test.LoginValidation" name="validateNewReleases" time="1.683"/>
  <testcase classname="test.LoginValidation" name="validateAmazonCash" time="1.343"/>
  <testcase classname="test.LoginValidation" name="invalidEmailInvalidPassword" time="3.858"/>
  <testcase classname="test.LoginValidation" name="validEmailValidPassword" time="3.658"/>
  <testcase classname="test.LoginValidation" name="validateMobilePrice" time="6.909"/>
  <testcase classname="test.LoginValidation" name="validateDeliveryPincode" time="3.581">
    <failure type="java.lang.AssertionError" message="this is not the pin expected [true] but found [false]">
      <![CDATA[java.lang.AssertionError: this is not the pin expected [true] but found [false]
at test.LoginValidation.validateDeliveryPincode(LoginValidation.java:121)
at java.base/java.util.ArrayList.forEach(ArrayList.java:1511)
... Removed 30 stack frames]]>
    </failure>
  </testcase> <!-- validateDeliveryPincode -->
  <testcase classname="test.Baseclass" name="@AfterSuite afterSuite" time="0.0">
    <ignored/>
  </testcase> <!-- @AfterSuite afterSuite -->
  <testcase classname="test.Baseclass" name="@BeforeSuite beforeSuite" time="0.0">
    <ignored/>
  </testcase> <!-- @BeforeSuite beforeSuite -->
</testsuite> <!-- Test -->
