<?xml version="1.0" encoding="UTF-8"?>
<testng-results ignored="2" total="11" passed="8" failed="1" skipped="0">
  <reporter-output>
    <line>
      <![CDATA[this is the correct URL>>https://www.amazon.ca/]]>
    </line>
    <line>
      <![CDATA[this is the correct Title>>Amazon.ca: Low Prices – Fast Shipping – Millions of Items]]>
    </line>
    <line>
      <![CDATA[this is a valid Create a wishlist page https://www.amazon.ca/hz/wishlist/intro]]>
    </line>
    <line>
      <![CDATA[this is a valid Create a wishlist page https://www.amazon.ca/gp/new-releases/?ref_=nav_cs_newreleases]]>
    </line>
    <line>
      <![CDATA[this is a valid Create a wishlist page https://www.amazon.ca/gp/browse.html?node=17321486011&ref_=footer_cash_ca_en]]>
    </line>
    <line>
      <![CDATA[this is a valid Create a wishlist page https://www.amazon.ca/ap/signin]]>
    </line>
    <line>
      <![CDATA[the login is successful https://www.amazon.ca/ap/signin]]>
    </line>
    <line>
      <![CDATA[this is the actual price$429.00]]>
    </line>
  </reporter-output>
  <suite started-at="2022-02-10T18:03:09 EST" name="Suite" finished-at="2022-02-10T18:03:32 EST" duration-ms="23055">
    <groups>
    </groups>
    <test started-at="2022-02-10T18:03:09 EST" name="Test" finished-at="2022-02-10T18:03:32 EST" duration-ms="23055">
      <class name="test.LoginValidation">
        <test-method signature="validateURL()[pri:1, instance:test.LoginValidation@5c30a9b0]" started-at="2022-02-10T18:03:09 EST" name="validateURL" finished-at="2022-02-10T18:03:09 EST" duration-ms="114" status="PASS">
          <reporter-output>
            <line>
              <![CDATA[this is the correct URL>>https://www.amazon.ca/]]>
            </line>
          </reporter-output>
        </test-method> <!-- validateURL -->
        <test-method signature="validateTitle()[pri:2, instance:test.LoginValidation@5c30a9b0]" started-at="2022-02-10T18:03:09 EST" name="validateTitle" finished-at="2022-02-10T18:03:09 EST" duration-ms="18" status="PASS">
          <reporter-output>
            <line>
              <![CDATA[this is the correct Title>>Amazon.ca: Low Prices – Fast Shipping – Millions of Items]]>
            </line>
          </reporter-output>
        </test-method> <!-- validateTitle -->
        <test-method signature="validateCreateaWishList()[pri:3, instance:test.LoginValidation@5c30a9b0]" started-at="2022-02-10T18:03:09 EST" name="validateCreateaWishList" finished-at="2022-02-10T18:03:11 EST" duration-ms="1768" status="PASS">
          <reporter-output>
            <line>
              <![CDATA[this is a valid Create a wishlist page https://www.amazon.ca/hz/wishlist/intro]]>
            </line>
          </reporter-output>
        </test-method> <!-- validateCreateaWishList -->
        <test-method signature="validateNewReleases()[pri:4, instance:test.LoginValidation@5c30a9b0]" started-at="2022-02-10T18:03:11 EST" name="validateNewReleases" finished-at="2022-02-10T18:03:12 EST" duration-ms="1683" status="PASS">
          <reporter-output>
            <line>
              <![CDATA[this is a valid Create a wishlist page https://www.amazon.ca/gp/new-releases/?ref_=nav_cs_newreleases]]>
            </line>
          </reporter-output>
        </test-method> <!-- validateNewReleases -->
        <test-method signature="validateAmazonCash()[pri:5, instance:test.LoginValidation@5c30a9b0]" started-at="2022-02-10T18:03:12 EST" name="validateAmazonCash" finished-at="2022-02-10T18:03:14 EST" duration-ms="1343" status="PASS">
          <reporter-output>
            <line>
              <![CDATA[this is a valid Create a wishlist page https://www.amazon.ca/gp/browse.html?node=17321486011&ref_=footer_cash_ca_en]]>
            </line>
          </reporter-output>
        </test-method> <!-- validateAmazonCash -->
        <test-method signature="invalidEmailInvalidPassword(java.lang.String,java.lang.String)[pri:6, instance:test.LoginValidation@5c30a9b0]" started-at="2022-02-10T18:03:14 EST" name="invalidEmailInvalidPassword" finished-at="2022-02-10T18:03:17 EST" duration-ms="3858" status="PASS">
          <params>
            <param index="0">
              <value>
                <![CDATA[abcdefg@gmail.com]]>
              </value>
            </param>
            <param index="1">
              <value>
                <![CDATA[abcdefg1234]]>
              </value>
            </param>
          </params>
          <reporter-output>
            <line>
              <![CDATA[this is a valid Create a wishlist page https://www.amazon.ca/ap/signin]]>
            </line>
          </reporter-output>
        </test-method> <!-- invalidEmailInvalidPassword -->
        <test-method signature="validEmailValidPassword(java.lang.String,java.lang.String)[pri:7, instance:test.LoginValidation@5c30a9b0]" started-at="2022-02-10T18:03:17 EST" name="validEmailValidPassword" finished-at="2022-02-10T18:03:21 EST" duration-ms="3658" status="PASS">
          <params>
            <param index="0">
              <value>
                <![CDATA[manjunath020@gmail.com]]>
              </value>
            </param>
            <param index="1">
              <value>
                <![CDATA[Manju1982$]]>
              </value>
            </param>
          </params>
          <reporter-output>
            <line>
              <![CDATA[the login is successful https://www.amazon.ca/ap/signin]]>
            </line>
          </reporter-output>
        </test-method> <!-- validEmailValidPassword -->
        <test-method signature="validateMobilePrice()[pri:8, instance:test.LoginValidation@5c30a9b0]" started-at="2022-02-10T18:03:21 EST" name="validateMobilePrice" finished-at="2022-02-10T18:03:28 EST" duration-ms="6909" status="PASS">
          <reporter-output>
            <line>
              <![CDATA[this is the actual price$429.00]]>
            </line>
          </reporter-output>
        </test-method> <!-- validateMobilePrice -->
        <test-method signature="validateDeliveryPincode()[pri:9, instance:test.LoginValidation@5c30a9b0]" started-at="2022-02-10T18:03:28 EST" name="validateDeliveryPincode" finished-at="2022-02-10T18:03:32 EST" duration-ms="3581" status="FAIL">
          <exception class="java.lang.AssertionError">
            <message>
              <![CDATA[this is not the pin expected [true] but found [false]]]>
            </message>
            <full-stacktrace>
              <![CDATA[java.lang.AssertionError: this is not the pin expected [true] but found [false]
at org.testng.Assert.fail(Assert.java:99)
at org.testng.Assert.failNotEquals(Assert.java:1037)
at org.testng.Assert.assertTrue(Assert.java:45)
at test.LoginValidation.validateDeliveryPincode(LoginValidation.java:121)
at java.base/jdk.internal.reflect.NativeMethodAccessorImpl.invoke0(Native Method)
at java.base/jdk.internal.reflect.NativeMethodAccessorImpl.invoke(NativeMethodAccessorImpl.java:77)
at java.base/jdk.internal.reflect.DelegatingMethodAccessorImpl.invoke(DelegatingMethodAccessorImpl.java:43)
at java.base/java.lang.reflect.Method.invoke(Method.java:568)
at org.testng.internal.MethodInvocationHelper.invokeMethod(MethodInvocationHelper.java:133)
at org.testng.internal.TestInvoker.invokeMethod(TestInvoker.java:598)
at org.testng.internal.TestInvoker.invokeTestMethod(TestInvoker.java:173)
at org.testng.internal.MethodRunner.runInSequence(MethodRunner.java:46)
at org.testng.internal.TestInvoker$MethodInvocationAgent.invoke(TestInvoker.java:824)
at org.testng.internal.TestInvoker.invokeTestMethods(TestInvoker.java:146)
at org.testng.internal.TestMethodWorker.invokeTestMethods(TestMethodWorker.java:146)
at org.testng.internal.TestMethodWorker.run(TestMethodWorker.java:128)
at java.base/java.util.ArrayList.forEach(ArrayList.java:1511)
at org.testng.TestRunner.privateRun(TestRunner.java:794)
at org.testng.TestRunner.run(TestRunner.java:596)
at org.testng.SuiteRunner.runTest(SuiteRunner.java:377)
at org.testng.SuiteRunner.runSequentially(SuiteRunner.java:371)
at org.testng.SuiteRunner.privateRun(SuiteRunner.java:332)
at org.testng.SuiteRunner.run(SuiteRunner.java:276)
at org.testng.SuiteRunnerWorker.runSuite(SuiteRunnerWorker.java:53)
at org.testng.SuiteRunnerWorker.run(SuiteRunnerWorker.java:96)
at org.testng.TestNG.runSuitesSequentially(TestNG.java:1212)
at org.testng.TestNG.runSuitesLocally(TestNG.java:1134)
at org.testng.TestNG.runSuites(TestNG.java:1063)
at org.testng.TestNG.run(TestNG.java:1031)
at org.testng.remote.AbstractRemoteTestNG.run(AbstractRemoteTestNG.java:115)
at org.testng.remote.RemoteTestNG.initAndRun(RemoteTestNG.java:251)
at org.testng.remote.RemoteTestNG.main(RemoteTestNG.java:77)
]]>
            </full-stacktrace>
          </exception> <!-- java.lang.AssertionError -->
          <reporter-output>
          </reporter-output>
        </test-method> <!-- validateDeliveryPincode -->
      </class> <!-- test.LoginValidation -->
      <class name="test.Baseclass">
        <test-method is-config="true" signature="beforeSuite()[pri:0, instance:test.Baseclass@19bb07ed]" started-at="2022-02-10T18:03:04 EST" name="beforeSuite" finished-at="2022-02-10T18:03:09 EST" duration-ms="4484" status="PASS">
          <reporter-output>
          </reporter-output>
        </test-method> <!-- beforeSuite -->
        <test-method is-config="true" signature="afterSuite()[pri:0, instance:test.Baseclass@19bb07ed]" started-at="2022-02-10T18:03:32 EST" name="afterSuite" finished-at="2022-02-10T18:03:32 EST" duration-ms="324" status="PASS">
          <reporter-output>
          </reporter-output>
        </test-method> <!-- afterSuite -->
      </class> <!-- test.Baseclass -->
    </test> <!-- Test -->
  </suite> <!-- Suite -->
</testng-results>
